  Source.c
C:\Users\CollegeVm\OneDrive - Atlantic TU\Year 2\Procedural Programming\source2\Project\Project2023\Project2023\Source.c(71,21): warning C4013: 'getch' undefined; assuming extern returning int
C:\Users\CollegeVm\OneDrive - Atlantic TU\Year 2\Procedural Programming\source2\Project\Project2023\Project2023\Source.c(139,40): warning C4047: 'function': 'accommodationL **' differs in levels of indirection from 'accommodationL *'
C:\Users\CollegeVm\OneDrive - Atlantic TU\Year 2\Procedural Programming\source2\Project\Project2023\Project2023\Source.c(139,36): warning C4024: 'display_accommodation_details': different types for formal and actual parameter 1
C:\Users\CollegeVm\OneDrive - Atlantic TU\Year 2\Procedural Programming\source2\Project\Project2023\Project2023\Source.c(55,13): warning C4996: 'fopen': This function or variable may be unsafe. Consider using fopen_s instead. To disable deprecation, use _CRT_SECURE_NO_WARNINGS. See online help for details.
C:\Users\CollegeVm\OneDrive - Atlantic TU\Year 2\Procedural Programming\source2\Project\Project2023\Project2023\Source.c(59,3): warning C4996: 'fscanf': This function or variable may be unsafe. Consider using fscanf_s instead. To disable deprecation, use _CRT_SECURE_NO_WARNINGS. See online help for details.
C:\Users\CollegeVm\OneDrive - Atlantic TU\Year 2\Procedural Programming\source2\Project\Project2023\Project2023\Source.c(68,3): warning C4996: 'scanf': This function or variable may be unsafe. Consider using scanf_s instead. To disable deprecation, use _CRT_SECURE_NO_WARNINGS. See online help for details.
C:\Users\CollegeVm\OneDrive - Atlantic TU\Year 2\Procedural Programming\source2\Project\Project2023\Project2023\Source.c(128,4): warning C4996: 'scanf': This function or variable may be unsafe. Consider using scanf_s instead. To disable deprecation, use _CRT_SECURE_NO_WARNINGS. See online help for details.
C:\Users\CollegeVm\OneDrive - Atlantic TU\Year 2\Procedural Programming\source2\Project\Project2023\Project2023\Source.c(176,2): warning C4996: 'scanf': This function or variable may be unsafe. Consider using scanf_s instead. To disable deprecation, use _CRT_SECURE_NO_WARNINGS. See online help for details.
C:\Users\CollegeVm\OneDrive - Atlantic TU\Year 2\Procedural Programming\source2\Project\Project2023\Project2023\Source.c(178,2): warning C4996: 'scanf': This function or variable may be unsafe. Consider using scanf_s instead. To disable deprecation, use _CRT_SECURE_NO_WARNINGS. See online help for details.
C:\Users\CollegeVm\OneDrive - Atlantic TU\Year 2\Procedural Programming\source2\Project\Project2023\Project2023\Source.c(180,2): warning C4996: 'scanf': This function or variable may be unsafe. Consider using scanf_s instead. To disable deprecation, use _CRT_SECURE_NO_WARNINGS. See online help for details.
C:\Users\CollegeVm\OneDrive - Atlantic TU\Year 2\Procedural Programming\source2\Project\Project2023\Project2023\Source.c(182,2): warning C4996: 'scanf': This function or variable may be unsafe. Consider using scanf_s instead. To disable deprecation, use _CRT_SECURE_NO_WARNINGS. See online help for details.
C:\Users\CollegeVm\OneDrive - Atlantic TU\Year 2\Procedural Programming\source2\Project\Project2023\Project2023\Source.c(184,2): warning C4996: 'scanf': This function or variable may be unsafe. Consider using scanf_s instead. To disable deprecation, use _CRT_SECURE_NO_WARNINGS. See online help for details.
C:\Users\CollegeVm\OneDrive - Atlantic TU\Year 2\Procedural Programming\source2\Project\Project2023\Project2023\Source.c(190,2): warning C4996: 'scanf': This function or variable may be unsafe. Consider using scanf_s instead. To disable deprecation, use _CRT_SECURE_NO_WARNINGS. See online help for details.
C:\Users\CollegeVm\OneDrive - Atlantic TU\Year 2\Procedural Programming\source2\Project\Project2023\Project2023\Source.c(197,2): warning C4996: 'scanf': This function or variable may be unsafe. Consider using scanf_s instead. To disable deprecation, use _CRT_SECURE_NO_WARNINGS. See online help for details.
C:\Users\CollegeVm\OneDrive - Atlantic TU\Year 2\Procedural Programming\source2\Project\Project2023\Project2023\Source.c(199,2): warning C4996: 'scanf': This function or variable may be unsafe. Consider using scanf_s instead. To disable deprecation, use _CRT_SECURE_NO_WARNINGS. See online help for details.
C:\Users\CollegeVm\OneDrive - Atlantic TU\Year 2\Procedural Programming\source2\Project\Project2023\Project2023\Source.c(201,2): warning C4996: 'scanf': This function or variable may be unsafe. Consider using scanf_s instead. To disable deprecation, use _CRT_SECURE_NO_WARNINGS. See online help for details.
C:\Users\CollegeVm\OneDrive - Atlantic TU\Year 2\Procedural Programming\source2\Project\Project2023\Project2023\Source.c(207,2): warning C4996: 'scanf': This function or variable may be unsafe. Consider using scanf_s instead. To disable deprecation, use _CRT_SECURE_NO_WARNINGS. See online help for details.
C:\Users\CollegeVm\OneDrive - Atlantic TU\Year 2\Procedural Programming\source2\Project\Project2023\Project2023\Source.c(329,2): warning C4996: 'scanf': This function or variable may be unsafe. Consider using scanf_s instead. To disable deprecation, use _CRT_SECURE_NO_WARNINGS. See online help for details.
C:\Users\CollegeVm\OneDrive - Atlantic TU\Year 2\Procedural Programming\source2\Project\Project2023\Project2023\Source.c(370,2): warning C4996: 'scanf': This function or variable may be unsafe. Consider using scanf_s instead. To disable deprecation, use _CRT_SECURE_NO_WARNINGS. See online help for details.
C:\Users\CollegeVm\OneDrive - Atlantic TU\Year 2\Procedural Programming\source2\Project\Project2023\Project2023\Source.c(387,2): warning C4996: 'scanf': This function or variable may be unsafe. Consider using scanf_s instead. To disable deprecation, use _CRT_SECURE_NO_WARNINGS. See online help for details.
C:\Users\CollegeVm\OneDrive - Atlantic TU\Year 2\Procedural Programming\source2\Project\Project2023\Project2023\Source.c(389,2): warning C4996: 'scanf': This function or variable may be unsafe. Consider using scanf_s instead. To disable deprecation, use _CRT_SECURE_NO_WARNINGS. See online help for details.
C:\Users\CollegeVm\OneDrive - Atlantic TU\Year 2\Procedural Programming\source2\Project\Project2023\Project2023\Source.c(391,2): warning C4996: 'scanf': This function or variable may be unsafe. Consider using scanf_s instead. To disable deprecation, use _CRT_SECURE_NO_WARNINGS. See online help for details.
C:\Users\CollegeVm\OneDrive - Atlantic TU\Year 2\Procedural Programming\source2\Project\Project2023\Project2023\Source.c(393,2): warning C4996: 'scanf': This function or variable may be unsafe. Consider using scanf_s instead. To disable deprecation, use _CRT_SECURE_NO_WARNINGS. See online help for details.
C:\Users\CollegeVm\OneDrive - Atlantic TU\Year 2\Procedural Programming\source2\Project\Project2023\Project2023\Source.c(399,2): warning C4996: 'scanf': This function or variable may be unsafe. Consider using scanf_s instead. To disable deprecation, use _CRT_SECURE_NO_WARNINGS. See online help for details.
C:\Users\CollegeVm\OneDrive - Atlantic TU\Year 2\Procedural Programming\source2\Project\Project2023\Project2023\Source.c(406,2): warning C4996: 'scanf': This function or variable may be unsafe. Consider using scanf_s instead. To disable deprecation, use _CRT_SECURE_NO_WARNINGS. See online help for details.
C:\Users\CollegeVm\OneDrive - Atlantic TU\Year 2\Procedural Programming\source2\Project\Project2023\Project2023\Source.c(408,2): warning C4996: 'scanf': This function or variable may be unsafe. Consider using scanf_s instead. To disable deprecation, use _CRT_SECURE_NO_WARNINGS. See online help for details.
C:\Users\CollegeVm\OneDrive - Atlantic TU\Year 2\Procedural Programming\source2\Project\Project2023\Project2023\Source.c(410,2): warning C4996: 'scanf': This function or variable may be unsafe. Consider using scanf_s instead. To disable deprecation, use _CRT_SECURE_NO_WARNINGS. See online help for details.
C:\Users\CollegeVm\OneDrive - Atlantic TU\Year 2\Procedural Programming\source2\Project\Project2023\Project2023\Source.c(416,2): warning C4996: 'scanf': This function or variable may be unsafe. Consider using scanf_s instead. To disable deprecation, use _CRT_SECURE_NO_WARNINGS. See online help for details.
C:\Users\CollegeVm\OneDrive - Atlantic TU\Year 2\Procedural Programming\source2\Project\Project2023\Project2023\Source.c(366,8): warning C4101: 'new_monthly_rental': unreferenced local variable
C:\Users\CollegeVm\OneDrive - Atlantic TU\Year 2\Procedural Programming\source2\Project\Project2023\Project2023\Source.c(367,6): warning C4101: 'new_num_rooms': unreferenced local variable
C:\Users\CollegeVm\OneDrive - Atlantic TU\Year 2\Procedural Programming\source2\Project\Project2023\Project2023\Source.c(428,7): warning C4996: 'fopen': This function or variable may be unsafe. Consider using fopen_s instead. To disable deprecation, use _CRT_SECURE_NO_WARNINGS. See online help for details.
C:\Users\CollegeVm\OneDrive - Atlantic TU\Year 2\Procedural Programming\source2\Project\Project2023\Project2023\Source.c(552,26): warning C4047: '==': 'int' differs in levels of indirection from 'void *'
C:\Users\CollegeVm\OneDrive - Atlantic TU\Year 2\Procedural Programming\source2\Project\Project2023\Project2023\Source.c(540,2): warning C4996: 'scanf': This function or variable may be unsafe. Consider using scanf_s instead. To disable deprecation, use _CRT_SECURE_NO_WARNINGS. See online help for details.
C:\Users\CollegeVm\OneDrive - Atlantic TU\Year 2\Procedural Programming\source2\Project\Project2023\Project2023\Source.c(548,3): warning C4996: 'scanf': This function or variable may be unsafe. Consider using scanf_s instead. To disable deprecation, use _CRT_SECURE_NO_WARNINGS. See online help for details.
C:\Users\CollegeVm\OneDrive - Atlantic TU\Year 2\Procedural Programming\source2\Project\Project2023\Project2023\Source.c(550,1): warning C4047: 'initializing': 'accommodationL *' differs in levels of indirection from 'accommodationL **'
C:\Users\CollegeVm\OneDrive - Atlantic TU\Year 2\Procedural Programming\source2\Project\Project2023\Project2023\Source.c(621,3): warning C4996: 'scanf': This function or variable may be unsafe. Consider using scanf_s instead. To disable deprecation, use _CRT_SECURE_NO_WARNINGS. See online help for details.
C:\Users\CollegeVm\OneDrive - Atlantic TU\Year 2\Procedural Programming\source2\Project\Project2023\Project2023\Source.c(623,1): warning C4047: 'initializing': 'accommodationL *' differs in levels of indirection from 'accommodationL **'
C:\Users\CollegeVm\OneDrive - Atlantic TU\Year 2\Procedural Programming\source2\Project\Project2023\Project2023\Source.c(765,9): warning C4996: 'fopen': This function or variable may be unsafe. Consider using fopen_s instead. To disable deprecation, use _CRT_SECURE_NO_WARNINGS. See online help for details.
  Project2023.vcxproj -> C:\Users\CollegeVm\OneDrive - Atlantic TU\Year 2\Procedural Programming\source2\Project\Project2023\Debug\Project2023.exe
